<?xml version="1.0" encoding="UTF-8"?>
<!-- Generated by org.testng.reporters.JUnitXMLReporter -->
<testsuite ignored="0" hostname="MahalakshmiLingesan" failures="0" tests="5" name="ParaBank Tests" time="12.299" errors="0" timestamp="2025-09-17T19:36:58 IST">
  <testcase classname="com.parasoft.tests.LoginPageTests" name="validLogin" time="1.257"/>
  <testcase classname="com.parasoft.tests.RegisterPageTests" name="accountCreation" time="3.041"/>
  <testcase classname="com.parasoft.tests.OpenNewAccountPageTests" name="newAccountCreation" time="4.307"/>
  <testcase classname="com.parasoft.tests.BillPayPageTests" name="billPayment" time="4.248"/>
  <testcase classname="com.parasoft.tests.TransferFundsTests" name="transferFund" time="2.911"/>
</testsuite> <!-- ParaBank Tests -->
