<?xml version="1.0" encoding="UTF-8"?>
<testng-results ignored="0" total="5" passed="5" failed="0" skipped="0">
  <reporter-output>
  </reporter-output>
  <suite started-at="2025-09-17T19:36:46 IST" name="Test Suite" finished-at="2025-09-17T19:36:58 IST" duration-ms="12299">
    <groups>
    </groups>
    <test started-at="2025-09-17T19:36:46 IST" name="ParaBank Tests" finished-at="2025-09-17T19:36:58 IST" duration-ms="12299">
      <class name="com.parasoft.tests.LoginPageTests">
        <test-method is-config="true" signature="setUp()[pri:0, instance:com.parasoft.tests.LoginPageTests@4d722ac9]" started-at="2025-09-17T19:36:46 IST" name="setUp" finished-at="2025-09-17T19:36:50 IST" duration-ms="4716" status="PASS">
          <reporter-output>
          </reporter-output>
        </test-method> <!-- setUp -->
        <test-method is-config="true" signature="initPage()[pri:0, instance:com.parasoft.tests.LoginPageTests@4d722ac9]" started-at="2025-09-17T19:36:51 IST" name="initPage" finished-at="2025-09-17T19:36:51 IST" duration-ms="2" status="PASS">
          <reporter-output>
          </reporter-output>
        </test-method> <!-- initPage -->
        <test-method signature="validLogin(com.parasoft.testdata.LoginData)[pri:0, instance:com.parasoft.tests.LoginPageTests@4d722ac9]" started-at="2025-09-17T19:36:51 IST" name="validLogin" description="User enters the valid credentials for login" data-provider="loginData" finished-at="2025-09-17T19:36:52 IST" duration-ms="1257" status="PASS">
          <params>
            <param index="0">
              <value>
                <![CDATA[LoginData{username=M****a, password=<hidden>}]]>
              </value>
            </param>
          </params>
          <reporter-output>
          </reporter-output>
        </test-method> <!-- validLogin -->
        <test-method is-config="true" signature="tearDown()[pri:0, instance:com.parasoft.tests.LoginPageTests@4d722ac9]" started-at="2025-09-17T19:36:52 IST" name="tearDown" finished-at="2025-09-17T19:36:53 IST" duration-ms="241" status="PASS">
          <reporter-output>
          </reporter-output>
        </test-method> <!-- tearDown -->
      </class> <!-- com.parasoft.tests.LoginPageTests -->
      <class name="com.parasoft.tests.BillPayPageTests">
        <test-method is-config="true" signature="setUp()[pri:0, instance:com.parasoft.tests.BillPayPageTests@77a7cf58]" started-at="2025-09-17T19:36:46 IST" name="setUp" finished-at="2025-09-17T19:36:50 IST" duration-ms="4497" status="PASS">
          <reporter-output>
          </reporter-output>
        </test-method> <!-- setUp -->
        <test-method is-config="true" signature="initPage()[pri:0, instance:com.parasoft.tests.BillPayPageTests@77a7cf58]" started-at="2025-09-17T19:36:51 IST" name="initPage" finished-at="2025-09-17T19:36:51 IST" duration-ms="9" status="PASS">
          <reporter-output>
          </reporter-output>
        </test-method> <!-- initPage -->
        <test-method signature="billPayment(com.parasoft.testdata.BillPayData)[pri:0, instance:com.parasoft.tests.BillPayPageTests@77a7cf58]" started-at="2025-09-17T19:36:51 IST" name="billPayment" description="User pays a bill" data-provider="paymentDetails" finished-at="2025-09-17T19:36:55 IST" duration-ms="4248" status="PASS">
          <params>
            <param index="0">
              <value>
                <![CDATA[BillPayData{payeeName=Arjun, address=Love, city=NewYork, state=NewYork, zipCode=123456, phone=*******89, accountNumber=****, verifyAccountNumber=***5, amount=1****}]]>
              </value>
            </param>
          </params>
          <reporter-output>
          </reporter-output>
        </test-method> <!-- billPayment -->
        <test-method is-config="true" signature="tearDown()[pri:0, instance:com.parasoft.tests.BillPayPageTests@77a7cf58]" started-at="2025-09-17T19:36:55 IST" name="tearDown" finished-at="2025-09-17T19:36:56 IST" duration-ms="183" status="PASS">
          <reporter-output>
          </reporter-output>
        </test-method> <!-- tearDown -->
      </class> <!-- com.parasoft.tests.BillPayPageTests -->
      <class name="com.parasoft.tests.OpenNewAccountPageTests">
        <test-method is-config="true" signature="setUp()[pri:0, instance:com.parasoft.tests.OpenNewAccountPageTests@53f0a4cb]" started-at="2025-09-17T19:36:46 IST" name="setUp" finished-at="2025-09-17T19:36:50 IST" duration-ms="4366" status="PASS">
          <reporter-output>
          </reporter-output>
        </test-method> <!-- setUp -->
        <test-method is-config="true" signature="initPage()[pri:0, instance:com.parasoft.tests.OpenNewAccountPageTests@53f0a4cb]" started-at="2025-09-17T19:36:50 IST" name="initPage" finished-at="2025-09-17T19:36:50 IST" duration-ms="32" status="PASS">
          <reporter-output>
          </reporter-output>
        </test-method> <!-- initPage -->
        <test-method signature="newAccountCreation()[pri:0, instance:com.parasoft.tests.OpenNewAccountPageTests@53f0a4cb]" started-at="2025-09-17T19:36:50 IST" name="newAccountCreation" description="User creates a new account" finished-at="2025-09-17T19:36:54 IST" duration-ms="4307" status="PASS">
          <reporter-output>
          </reporter-output>
        </test-method> <!-- newAccountCreation -->
        <test-method is-config="true" signature="tearDown()[pri:0, instance:com.parasoft.tests.OpenNewAccountPageTests@53f0a4cb]" started-at="2025-09-17T19:36:54 IST" name="tearDown" finished-at="2025-09-17T19:36:55 IST" duration-ms="196" status="PASS">
          <reporter-output>
          </reporter-output>
        </test-method> <!-- tearDown -->
      </class> <!-- com.parasoft.tests.OpenNewAccountPageTests -->
      <class name="com.parasoft.tests.TransferFundsTests">
        <test-method is-config="true" signature="setUp()[pri:0, instance:com.parasoft.tests.TransferFundsTests@3d97a632]" started-at="2025-09-17T19:36:53 IST" name="setUp" finished-at="2025-09-17T19:36:55 IST" duration-ms="2275" status="PASS">
          <reporter-output>
          </reporter-output>
        </test-method> <!-- setUp -->
        <test-method signature="transferFund(com.parasoft.testdata.TransferFundsData)[pri:0, instance:com.parasoft.tests.TransferFundsTests@3d97a632]" started-at="2025-09-17T19:36:55 IST" name="transferFund" description="Transferring Funds from one account to another" data-provider="transferFundsData" finished-at="2025-09-17T19:36:58 IST" duration-ms="2911" status="PASS">
          <params>
            <param index="0">
              <value>
                <![CDATA[TransferFundsData{amount=****}]]>
              </value>
            </param>
          </params>
          <reporter-output>
          </reporter-output>
        </test-method> <!-- transferFund -->
        <test-method is-config="true" signature="initPage()[pri:0, instance:com.parasoft.tests.TransferFundsTests@3d97a632]" started-at="2025-09-17T19:36:55 IST" name="initPage" finished-at="2025-09-17T19:36:55 IST" duration-ms="0" status="PASS">
          <reporter-output>
          </reporter-output>
        </test-method> <!-- initPage -->
        <test-method is-config="true" signature="tearDown()[pri:0, instance:com.parasoft.tests.TransferFundsTests@3d97a632]" started-at="2025-09-17T19:36:58 IST" name="tearDown" finished-at="2025-09-17T19:36:58 IST" duration-ms="168" status="PASS">
          <reporter-output>
          </reporter-output>
        </test-method> <!-- tearDown -->
      </class> <!-- com.parasoft.tests.TransferFundsTests -->
      <class name="com.parasoft.tests.RegisterPageTests">
        <test-method is-config="true" signature="setUp()[pri:0, instance:com.parasoft.tests.RegisterPageTests@37052337]" started-at="2025-09-17T19:36:46 IST" name="setUp" finished-at="2025-09-17T19:36:50 IST" duration-ms="4391" status="PASS">
          <reporter-output>
          </reporter-output>
        </test-method> <!-- setUp -->
        <test-method is-config="true" signature="initPage()[pri:0, instance:com.parasoft.tests.RegisterPageTests@37052337]" started-at="2025-09-17T19:36:51 IST" name="initPage" finished-at="2025-09-17T19:36:51 IST" duration-ms="10" status="PASS">
          <reporter-output>
          </reporter-output>
        </test-method> <!-- initPage -->
        <test-method signature="accountCreation(com.parasoft.testdata.RegisterData)[pri:0, instance:com.parasoft.tests.RegisterPageTests@37052337]" started-at="2025-09-17T19:36:51 IST" name="accountCreation" description="New user registers for online banking" data-provider="registrationData" finished-at="2025-09-17T19:36:54 IST" duration-ms="3041" status="PASS">
          <params>
            <param index="0">
              <value>
                <![CDATA[RegisterData{firstName=Maha, lastName=Lakshmi, address=Dupe, city=NewYork, state=NewYork, zipCode=123456, phone=*******89, ssn=*******21, username=M****, password=<hidden>}]]>
              </value>
            </param>
          </params>
          <reporter-output>
          </reporter-output>
        </test-method> <!-- accountCreation -->
        <test-method is-config="true" signature="tearDown()[pri:0, instance:com.parasoft.tests.RegisterPageTests@37052337]" started-at="2025-09-17T19:36:54 IST" name="tearDown" finished-at="2025-09-17T19:36:54 IST" duration-ms="215" status="PASS">
          <reporter-output>
          </reporter-output>
        </test-method> <!-- tearDown -->
      </class> <!-- com.parasoft.tests.RegisterPageTests -->
    </test> <!-- ParaBank Tests -->
  </suite> <!-- Test Suite -->
</testng-results>
